Vesum/app/build/intermediates/manifest_merge_blame_file/debug/manifest-merger-blame-debug-report.txt
1<?xml version="1.0" encoding="utf-8"?>
2<manifest xmlns:android="http://schemas.android.com/apk/res/android"
3    package="com.example.img_dalla"
4    android:versionCode="1"
5    android:versionName="1.0" >
6
7    <uses-sdk
8        android:minSdkVersion="21"
8-->src\main\AndroidManifest.xml
9        android:targetSdkVersion="29" />
9-->src\main\AndroidManifest.xml
10
11    <uses-permission android:name="android.permission.CAMERA" />
11-->src\main\AndroidManifest.xml:6:5-65
11-->src\main\AndroidManifest.xml:6:22-62
12
13    <uses-feature android:name="android.hardware.camera" />
13-->src\main\AndroidManifest.xml:8:5-60
13-->src\main\AndroidManifest.xml:8:19-57
14    <uses-feature android:name="android.hardware.camera.autofocus" />
14-->src\main\AndroidManifest.xml:9:5-70
14-->src\main\AndroidManifest.xml:9:19-67
15
16    <uses-permission android:name="android.permission.ACCESS_NETWORK_STATE" />
16-->[com.google.firebase:firebase-iid:19.0.0] AndroidManifest.xml:22:5-79
16-->[com.google.firebase:firebase-iid:19.0.0] AndroidManifest.xml:22:22-76
17    <uses-permission android:name="android.permission.INTERNET" />
17-->[com.google.firebase:firebase-iid:19.0.0] AndroidManifest.xml:23:5-67
17-->[com.google.firebase:firebase-iid:19.0.0] AndroidManifest.xml:23:22-64
18    <uses-permission android:name="android.permission.WAKE_LOCK" /> <!-- Required by older versions of Google Play services to create IID tokens -->
18-->[com.google.firebase:firebase-iid:19.0.0] AndroidManifest.xml:24:5-68
18-->[com.google.firebase:firebase-iid:19.0.0] AndroidManifest.xml:24:22-65
19    <uses-permission android:name="com.google.android.c2dm.permission.RECEIVE" />
19-->[com.google.firebase:firebase-iid:19.0.0] AndroidManifest.xml:26:5-82
19-->[com.google.firebase:firebase-iid:19.0.0] AndroidManifest.xml:26:22-79
20
21    <application
21-->src\main\AndroidManifest.xml:11:5-43:19
22        android:allowBackup="true"
22-->src\main\AndroidManifest.xml:12:9-35
23        android:appComponentFactory="androidx.core.app.CoreComponentFactory"
23-->[androidx.core:core:1.1.0] AndroidManifest.xml:24:18-86
24        android:debuggable="true"
25        android:icon="@mipmap/ic_launcher"
25-->src\main\AndroidManifest.xml:13:9-43
26        android:label="@string/app_name"
26-->src\main\AndroidManifest.xml:14:9-41
27        android:theme="@style/MaterialTheme" >
27-->src\main\AndroidManifest.xml:15:9-45
28        <activity
28-->src\main\AndroidManifest.xml:17:9-25:20
29            android:name="com.google.firebase.codelab.mlkit.automl.SliderActivity"
29-->src\main\AndroidManifest.xml:18:13-43
30            android:theme="@style/MaterialTheme.NoActionBar" >
30-->src\main\AndroidManifest.xml:19:13-61
31            <intent-filter>
31-->src\main\AndroidManifest.xml:20:13-24:29
32                <action android:name="android.intent.action.MAIN" />
32-->src\main\AndroidManifest.xml:21:17-69
32-->src\main\AndroidManifest.xml:21:25-66
33
34                <category android:name="android.intent.category.LAUNCHER" />
34-->src\main\AndroidManifest.xml:23:17-77
34-->src\main\AndroidManifest.xml:23:27-74
35            </intent-filter>
36        </activity>
37        <activity
37-->src\main\AndroidManifest.xml:26:9-32:20
38            android:name="com.google.firebase.codelab.mlkit.automl.StillImageActivity"
38-->src\main\AndroidManifest.xml:27:13-47
39            android:screenOrientation="portrait" >
39-->src\main\AndroidManifest.xml:28:13-49
40            <meta-data
40-->src\main\AndroidManifest.xml:29:13-31:51
41                android:name="android.support.PARENT_ACTIVITY"
41-->src\main\AndroidManifest.xml:30:17-63
42                android:value=".SliderActivity" />
42-->src\main\AndroidManifest.xml:31:17-48
43        </activity>
44
45        <provider
45-->src\main\AndroidManifest.xml:34:9-42:20
46            android:name="androidx.core.content.FileProvider"
46-->src\main\AndroidManifest.xml:35:13-62
47            android:authorities="com.google.firebase.codelab.mlkit.automl.fileprovider"
47-->src\main\AndroidManifest.xml:36:13-88
48            android:exported="false"
48-->src\main\AndroidManifest.xml:37:13-37
49            android:grantUriPermissions="true" >
49-->src\main\AndroidManifest.xml:38:13-47
50            <meta-data
50-->src\main\AndroidManifest.xml:39:13-41:54
51                android:name="android.support.FILE_PROVIDER_PATHS"
51-->src\main\AndroidManifest.xml:40:17-67
52                android:resource="@xml/file_paths" />
52-->src\main\AndroidManifest.xml:41:17-51
53        </provider>
54
55        <service
55-->[com.google.firebase:firebase-ml-vision:24.0.1] AndroidManifest.xml:9:9-15:19
56            android:name="com.google.firebase.components.ComponentDiscoveryService"
56-->[com.google.firebase:firebase-ml-vision:24.0.1] AndroidManifest.xml:10:13-84
57            android:exported="false" >
57-->[com.google.firebase:firebase-ml-vision:24.0.1] AndroidManifest.xml:11:13-37
58            <meta-data
58-->[com.google.firebase:firebase-ml-vision:24.0.1] AndroidManifest.xml:12:13-14:85
59                android:name="com.google.firebase.components:com.google.firebase.ml.vision.VisionRegistrar"
59-->[com.google.firebase:firebase-ml-vision:24.0.1] AndroidManifest.xml:13:17-108
60                android:value="com.google.firebase.components.ComponentRegistrar" />
60-->[com.google.firebase:firebase-ml-vision:24.0.1] AndroidManifest.xml:14:17-82
61            <meta-data
61-->[com.google.firebase:firebase-ml-common:22.0.1] AndroidManifest.xml:11:13-13:85
62                android:name="com.google.firebase.components:com.google.firebase.ml.common.CommonComponentRegistrar"
62-->[com.google.firebase:firebase-ml-common:22.0.1] AndroidManifest.xml:12:17-117
63                android:value="com.google.firebase.components.ComponentRegistrar" />
63-->[com.google.firebase:firebase-ml-common:22.0.1] AndroidManifest.xml:13:17-82
64            <meta-data
64-->[com.google.firebase:firebase-iid:19.0.0] AndroidManifest.xml:32:13-34:85
65                android:name="com.google.firebase.components:com.google.firebase.iid.Registrar"
65-->[com.google.firebase:firebase-iid:19.0.0] AndroidManifest.xml:33:17-96
66                android:value="com.google.firebase.components.ComponentRegistrar" />
66-->[com.google.firebase:firebase-iid:19.0.0] AndroidManifest.xml:34:17-82
67        </service>
68
69        <receiver
69-->[com.google.firebase:firebase-iid:19.0.0] AndroidManifest.xml:37:9-44:20
70            android:name="com.google.firebase.iid.FirebaseInstanceIdReceiver"
70-->[com.google.firebase:firebase-iid:19.0.0] AndroidManifest.xml:38:13-78
71            android:exported="true"
71-->[com.google.firebase:firebase-iid:19.0.0] AndroidManifest.xml:39:13-36
72            android:permission="com.google.android.c2dm.permission.SEND" >
72-->[com.google.firebase:firebase-iid:19.0.0] AndroidManifest.xml:40:13-73
73            <intent-filter>
73-->[com.google.firebase:firebase-iid:19.0.0] AndroidManifest.xml:41:13-43:29
74                <action android:name="com.google.android.c2dm.intent.RECEIVE" />
74-->[com.google.firebase:firebase-iid:19.0.0] AndroidManifest.xml:42:17-81
74-->[com.google.firebase:firebase-iid:19.0.0] AndroidManifest.xml:42:25-78
75            </intent-filter>
76        </receiver>
77
78        <activity
78-->[com.google.android.gms:play-services-base:17.0.0] AndroidManifest.xml:23:9-26:75
79            android:name="com.google.android.gms.common.api.GoogleApiActivity"
79-->[com.google.android.gms:play-services-base:17.0.0] AndroidManifest.xml:24:13-79
80            android:exported="false"
80-->[com.google.android.gms:play-services-base:17.0.0] AndroidManifest.xml:25:13-37
81            android:theme="@android:style/Theme.Translucent.NoTitleBar" />
81-->[com.google.android.gms:play-services-base:17.0.0] AndroidManifest.xml:26:13-72
82
83        <provider
83-->[com.google.firebase:firebase-common:19.0.0] AndroidManifest.xml:12:9-16:39
84            android:name="com.google.firebase.provider.FirebaseInitProvider"
84-->[com.google.firebase:firebase-common:19.0.0] AndroidManifest.xml:13:13-77
85            android:authorities="com.example.img_dalla.firebaseinitprovider"
85-->[com.google.firebase:firebase-common:19.0.0] AndroidManifest.xml:14:13-72
86            android:exported="false"
86-->[com.google.firebase:firebase-common:19.0.0] AndroidManifest.xml:15:13-37
87            android:initOrder="100" />
87-->[com.google.firebase:firebase-common:19.0.0] AndroidManifest.xml:16:13-36
88
89        <meta-data
89-->[com.google.android.gms:play-services-basement:17.0.0] AndroidManifest.xml:23:9-25:69
90            android:name="com.google.android.gms.version"
90-->[com.google.android.gms:play-services-basement:17.0.0] AndroidManifest.xml:24:13-58
91            android:value="@integer/google_play_services_version" />
91-->[com.google.android.gms:play-services-basement:17.0.0] AndroidManifest.xml:25:13-66
92    </application>
93
94</manifest>